[2025-08-05 04:47:24] Sistema casa inteligente con autenticaci贸n iniciado
[2025-08-05 04:47:49] Sistema casa inteligente con autenticaci贸n iniciado
[2025-08-05 04:51:22] Login exitoso: marlen
[2025-08-05 04:51:40] Logout: marlen
[2025-08-05 04:51:58] Login exitoso: marlen
[2025-08-05 05:14:50] Sistema casa inteligente con autenticaci贸n iniciado
[2025-08-05 05:15:25] Sistema casa inteligente con autenticaci贸n iniciado
[2025-08-05 05:17:19] Login exitoso: marlen
[2025-08-05 05:17:31] Sistema ARMADO
[2025-08-05 05:17:36] Sistema DESARMADO
[2025-08-05 05:17:42] Puerta principal abierta
[2025-08-05 05:17:42] Puerta principal cerrada manualmente
[2025-08-05 05:17:51] Luz sala encenderda
[2025-08-05 05:17:54] Luz sala apagarda
[2025-08-05 05:18:13] Luz cuarto encenderda
[2025-08-05 05:18:17] Luz cuarto apagarda
[2025-08-05 05:18:21] Luz comedor encenderda
[2025-08-05 05:18:24] Luz comedor apagarda
[2025-08-05 05:18:28] Luz cocina encenderda
[2025-08-05 05:18:32] Luz cocina apagarda
[2025-08-05 05:18:37] Luz cocina encenderda
[2025-08-05 05:18:40] Luz cocina apagarda
[2025-08-05 05:19:13] Luz lavanderia encenderda
[2025-08-05 05:19:16] Luz lavanderia apagarda
[2025-08-05 05:19:18] Luz bano encenderda
[2025-08-05 05:19:20] Luz bano apagarda
[2025-08-05 05:19:25] Alarma acceso ACTIVADA
[2025-08-05 05:19:29] Alarma acceso DESACTIVADA
[2025-08-05 05:19:31] Alarma cocina ACTIVADA
[2025-08-05 05:19:34] Alarma cocina DESACTIVADA
[2025-08-05 05:19:49] Logout: marlen
